#
# A fatal error has been detected by the Java Runtime Environment:
#
#  EXCEPTION_ACCESS_VIOLATION (0xc0000005) at pc=0x00007ffee0033975, pid=23780, tid=16244
#
# JRE version: OpenJDK Runtime Environment (11.0+28) (build 11+28)
# Java VM: OpenJDK 64-Bit Server VM (11+28, mixed mode, tiered, compressed oops, g1 gc, windows-amd64)
# Problematic frame:
# V  [jvm.dll+0x663975]
#
# No core dump will be written. Minidumps are not enabled by default on client versions of Windows
#
# If you would like to submit a bug report, please visit:
#   http://bugreport.java.com/bugreport/crash.jsp
#

---------------  S U M M A R Y ------------

Command Line: -Dcom.sun.management.jmxremote -Dcom.sun.management.jmxremote.port=59329 -Dcom.sun.management.jmxremote.authenticate=false -Dcom.sun.management.jmxremote.ssl=false -Djava.rmi.server.hostname=localhost -Dspring.jmx.enabled=true -Dspring.liveBeansView.mbeanDomain -Dspring.application.admin.enabled=true -Xverify:none -XX:TieredStopAtLevel=1 -Dspring.boot.project.name=spring-petclinic-data-jdbc -Dfile.encoding=UTF-8 org.springframework.samples.petclinic.PetClinicApplication --spring.output.ansi.enabled=always

Host: Intel(R) Core(TM) i5-8400 CPU @ 2.80GHz, 6 cores, 15G,  Windows 10 , 64 bit Build 19041 (10.0.19041.546)
Time: Thu Nov 19 23:47:29 2020 대한민국 표준시 elapsed time: 2 seconds (0d 0h 0m 2s)

---------------  T H R E A D  ---------------

Current thread (0x000002926858a800):  WatcherThread [stack: 0x000000e979500000,0x000000e979600000] [id=16244]

Stack: [0x000000e979500000,0x000000e979600000],  sp=0x000000e9795ff4a0,  free space=1021k
Native frames: (J=compiled Java code, j=interpreted, Vv=VM code, C=native code)
V  [jvm.dll+0x663975]
V  [jvm.dll+0x6ccccf]
V  [jvm.dll+0x71847d]
V  [jvm.dll+0x73de29]
V  [jvm.dll+0x639e42]
C  [ucrtbase.dll+0x214c2]
C  [KERNEL32.DLL+0x17034]
C  [ntdll.dll+0x4cec1]


siginfo: EXCEPTION_ACCESS_VIOLATION (0xc0000005), reading address 0x000000100000000f


Register to memory mapping:

RIP=0x00007ffee0033975 jvm.dll
RAX=0x000000100000000f is an unknown value
RBX=0x000002926858fa70 points into unknown readable memory
RCX=0x00000292685781f0 points into unknown readable memory
RDX=0x000000000000003c is an unknown value
RSP=0x000000e9795ff4a0 points into unknown readable memory
RBP=0x0000000000000002 is an unknown value
RSI=0x0000029268578120 points into unknown readable memory
RDI=0x0 is NULL
R8 =0x0 is NULL
R9 =0x000002924c010b80 is at begin+0 in a stub
StubRoutines::atomic_cmpxchg_long [0x000002924c010b80, 0x000002924c010b89[ (9 bytes)
R10=0x0000000000000001 is an unknown value
R11=0x000004639120a434 is an unknown value
R12=0x0 is NULL
R13=0x000002926858a800 points into unknown readable memory
R14=0x000000000000003c is an unknown value
R15=0x0000029267aae1e0 points into unknown readable memory


Registers:
RAX=0x000000100000000f, RBX=0x000002926858fa70, RCX=0x00000292685781f0, RDX=0x000000000000003c
RSP=0x000000e9795ff4a0, RBP=0x0000000000000002, RSI=0x0000029268578120, RDI=0x0000000000000000
R8 =0x0000000000000000, R9 =0x000002924c010b80, R10=0x0000000000000001, R11=0x000004639120a434
R12=0x0000000000000000, R13=0x000002926858a800, R14=0x000000000000003c, R15=0x0000029267aae1e0
RIP=0x00007ffee0033975, EFLAGS=0x0000000000010206

Top of Stack: (sp=0x000000e9795ff4a0)
0x000000e9795ff4a0:   0000029243d091b0 00000000000008d8
0x000000e9795ff4b0:   0000000000000001 00007ffedffdd040
0x000000e9795ff4c0:   0000000000000000 00007ffee009cccf
0x000000e9795ff4d0:   000002926858a800 000002926858a800
0x000000e9795ff4e0:   0002259740dc8d8c 00007ffedffddac9
0x000000e9795ff4f0:   00007ffee045b418 00007ffee00e847d
0x000000e9795ff500:   0000000000000001 0000029243d091b0
0x000000e9795ff510:   0000029243d091b0 431bde82d7b634db
0x000000e9795ff520:   0000029267aae1e0 0002259740dc8d8c
0x000000e9795ff530:   0000029243d091b0 00007ffee010de29
0x000000e9795ff540:   0000000000000001 000000000000003c
0x000000e9795ff550:   0000000000000032 0000000000000002
0x000000e9795ff560:   0000000000000000 0000000000000000
0x000000e9795ff570:   0000000000000000 0000000000000000
0x000000e9795ff580:   0000000000000000 0000000000000000
0x000000e9795ff590:   0000000000000000 0000000000000000 

Instructions: (pc=0x00007ffee0033975)
0x00007ffee0033955:   70 48 83 c4 50 5f c3 cc cc cc cc 40 53 48 83 ec
0x00007ffee0033965:   20 48 8b d9 48 8b 49 38 48 85 c9 74 0c 48 8b 01
0x00007ffee0033975:   ff 10 48 8b 4b 28 48 89 01 48 83 c4 20 5b c3 cc
0x00007ffee0033985:   cc cc cc cc cc cc cc cc cc cc cc 48 89 5c 24 08 



---------------  P R O C E S S  ---------------

Threads class SMR info:
_java_thread_list=0x000002926860aa80, length=14, elements={
0x0000029243d0c000, 0x0000029266f85800, 0x0000029267812000, 0x000002926787b000,
0x000002926787d000, 0x0000029267883000, 0x0000029267890000, 0x0000029267a45000,
0x0000029267a4e000, 0x0000029267a4f000, 0x0000029267ac7800, 0x000002926859e000,
0x000002926857f800, 0x000002926861e800
}

Java Threads: ( => current thread )
  0x0000029243d0c000 JavaThread "main" [_thread_blocked, id=2476, stack(0x000000e978100000,0x000000e978200000)]
  0x0000029266f85800 JavaThread "Reference Handler" daemon [_thread_blocked, id=24320, stack(0x000000e978800000,0x000000e978900000)]
  0x0000029267812000 JavaThread "Finalizer" daemon [_thread_blocked, id=12316, stack(0x000000e978900000,0x000000e978a00000)]
  0x000002926787b000 JavaThread "Signal Dispatcher" daemon [_thread_blocked, id=16520, stack(0x000000e978a00000,0x000000e978b00000)]
  0x000002926787d000 JavaThread "Attach Listener" daemon [_thread_blocked, id=18864, stack(0x000000e978b00000,0x000000e978c00000)]
  0x0000029267883000 JavaThread "C1 CompilerThread0" daemon [_thread_blocked, id=25616, stack(0x000000e978c00000,0x000000e978d00000)]
  0x0000029267890000 JavaThread "Sweeper thread" daemon [_thread_blocked, id=19120, stack(0x000000e978d00000,0x000000e978e00000)]
  0x0000029267a45000 JavaThread "Common-Cleaner" daemon [_thread_blocked, id=28364, stack(0x000000e978e00000,0x000000e978f00000)]
  0x0000029267a4e000 JavaThread "C1 CompilerThread1" daemon [_thread_blocked, id=30624, stack(0x000000e978f00000,0x000000e979000000)]
  0x0000029267a4f000 JavaThread "C1 CompilerThread2" daemon [_thread_in_vm, id=21708, stack(0x000000e979000000,0x000000e979100000)]
  0x0000029267ac7800 JavaThread "Service Thread" daemon [_thread_blocked, id=19904, stack(0x000000e979100000,0x000000e979200000)]
  0x000002926859e000 JavaThread "RMI TCP Accept-0" daemon [_thread_in_native, id=10380, stack(0x000000e979200000,0x000000e979300000)]
  0x000002926857f800 JavaThread "RMI TCP Accept-59329" daemon [_thread_in_native, id=25384, stack(0x000000e979300000,0x000000e979400000)]
  0x000002926861e800 JavaThread "RMI TCP Accept-0" daemon [_thread_in_native, id=7252, stack(0x000000e979400000,0x000000e979500000)]

Other Threads:
  0x0000029266f7e000 VMThread "VM Thread" [stack: 0x000000e978700000,0x000000e978800000] [id=3384]
=>0x000002926858a800 WatcherThread [stack: 0x000000e979500000,0x000000e979600000] [id=16244]
  0x0000029243d22800 GCTaskThread "GC Thread#0" [stack: 0x000000e978200000,0x000000e978300000] [id=26988]
  0x0000029243d7f000 ConcurrentGCThread "G1 Main Marker" [stack: 0x000000e978300000,0x000000e978400000] [id=21228]
  0x0000029243d84000 ConcurrentGCThread "G1 Conc#0" [stack: 0x000000e978400000,0x000000e978500000] [id=16044]
  0x0000029266e47000 ConcurrentGCThread "G1 Refine#0" [stack: 0x000000e978500000,0x000000e978600000] [id=26696]
  0x0000029266e48000 ConcurrentGCThread "G1 Young RemSet Sampling" [stack: 0x000000e978600000,0x000000e978700000] [id=9732]

Threads with active compile tasks:
C1 CompilerThread01060       1       java.util.zip.ZipFile::getZipEntry (308 bytes)
C1 CompilerThread11067   !   1       java.util.zip.ZipFile$ZipFileInflaterInputStream::close (67 bytes)
C1 CompilerThread21041       1       java.io.FilterInputStream::<init> (10 bytes)

VM state:synchronizing (normal execution)

VM Mutex/Monitor currently owned by a thread:  ([mutex/lock_event])
[0x0000029243d09bd0] Threads_lock - owner thread: 0x0000029266f7e000
[0x0000029243d09870] Heap_lock - owner thread: 0x0000029243d0c000
[0x0000029243d091b0] PeriodicTask_lock - owner thread: 0x000002926858a800

Heap address: 0x0000000705600000, size: 4010 MB, Compressed Oops mode: Zero based, Oop shift amount: 3
Narrow klass base: 0x0000000800000000, Narrow klass shift: 0
Compressed class space size: 1073741824 Address: 0x0000000800000000

Heap:
 garbage-first heap   total 258048K, used 21504K [0x0000000705600000, 0x0000000800000000)
  region size 1024K, 22 young (22528K), 0 survivors (0K)
 Metaspace       used 12284K, capacity 12653K, committed 12800K, reserved 1060864K
  class space    used 1282K, capacity 1435K, committed 1536K, reserved 1048576K
Heap Regions: E=young(eden), S=young(survivor), O=old, HS=humongous(starts), HC=humongous(continues), CS=collection set, F=free, A=archive, TAMS=top-at-mark-start (previous, next)
|   0|0x0000000705600000, 0x0000000705600000, 0x0000000705700000|  0%| F|  |TAMS 0x0000000705600000, 0x0000000705600000| Untracked 
|   1|0x0000000705700000, 0x0000000705700000, 0x0000000705800000|  0%| F|  |TAMS 0x0000000705700000, 0x0000000705700000| Untracked 
|   2|0x0000000705800000, 0x0000000705800000, 0x0000000705900000|  0%| F|  |TAMS 0x0000000705800000, 0x0000000705800000| Untracked 
|   3|0x0000000705900000, 0x0000000705900000, 0x0000000705a00000|  0%| F|  |TAMS 0x0000000705900000, 0x0000000705900000| Untracked 
|   4|0x0000000705a00000, 0x0000000705a00000, 0x0000000705b00000|  0%| F|  |TAMS 0x0000000705a00000, 0x0000000705a00000| Untracked 
|   5|0x0000000705b00000, 0x0000000705b00000, 0x0000000705c00000|  0%| F|  |TAMS 0x0000000705b00000, 0x0000000705b00000| Untracked 
|   6|0x0000000705c00000, 0x0000000705c00000, 0x0000000705d00000|  0%| F|  |TAMS 0x0000000705c00000, 0x0000000705c00000| Untracked 
|   7|0x0000000705d00000, 0x0000000705d00000, 0x0000000705e00000|  0%| F|  |TAMS 0x0000000705d00000, 0x0000000705d00000| Untracked 
|   8|0x0000000705e00000, 0x0000000705e00000, 0x0000000705f00000|  0%| F|  |TAMS 0x0000000705e00000, 0x0000000705e00000| Untracked 
|   9|0x0000000705f00000, 0x0000000705f00000, 0x0000000706000000|  0%| F|  |TAMS 0x0000000705f00000, 0x0000000705f00000| Untracked 
|  10|0x0000000706000000, 0x0000000706000000, 0x0000000706100000|  0%| F|  |TAMS 0x0000000706000000, 0x0000000706000000| Untracked 
|  11|0x0000000706100000, 0x0000000706100000, 0x0000000706200000|  0%| F|  |TAMS 0x0000000706100000, 0x0000000706100000| Untracked 
|  12|0x0000000706200000, 0x0000000706200000, 0x0000000706300000|  0%| F|  |TAMS 0x0000000706200000, 0x0000000706200000| Untracked 
|  13|0x0000000706300000, 0x0000000706300000, 0x0000000706400000|  0%| F|  |TAMS 0x0000000706300000, 0x0000000706300000| Untracked 
|  14|0x0000000706400000, 0x0000000706400000, 0x0000000706500000|  0%| F|  |TAMS 0x0000000706400000, 0x0000000706400000| Untracked 
|  15|0x0000000706500000, 0x0000000706500000, 0x0000000706600000|  0%| F|  |TAMS 0x0000000706500000, 0x0000000706500000| Untracked 
|  16|0x0000000706600000, 0x0000000706600000, 0x0000000706700000|  0%| F|  |TAMS 0x0000000706600000, 0x0000000706600000| Untracked 
|  17|0x0000000706700000, 0x0000000706700000, 0x0000000706800000|  0%| F|  |TAMS 0x0000000706700000, 0x0000000706700000| Untracked 
|  18|0x0000000706800000, 0x0000000706800000, 0x0000000706900000|  0%| F|  |TAMS 0x0000000706800000, 0x0000000706800000| Untracked 
|  19|0x0000000706900000, 0x0000000706900000, 0x0000000706a00000|  0%| F|  |TAMS 0x0000000706900000, 0x0000000706900000| Untracked 
|  20|0x0000000706a00000, 0x0000000706a00000, 0x0000000706b00000|  0%| F|  |TAMS 0x0000000706a00000, 0x0000000706a00000| Untracked 
|  21|0x0000000706b00000, 0x0000000706b00000, 0x0000000706c00000|  0%| F|  |TAMS 0x0000000706b00000, 0x0000000706b00000| Untracked 
|  22|0x0000000706c00000, 0x0000000706c00000, 0x0000000706d00000|  0%| F|  |TAMS 0x0000000706c00000, 0x0000000706c00000| Untracked 
|  23|0x0000000706d00000, 0x0000000706d00000, 0x0000000706e00000|  0%| F|  |TAMS 0x0000000706d00000, 0x0000000706d00000| Untracked 
|  24|0x0000000706e00000, 0x0000000706e00000, 0x0000000706f00000|  0%| F|  |TAMS 0x0000000706e00000, 0x0000000706e00000| Untracked 
|  25|0x0000000706f00000, 0x0000000706f00000, 0x0000000707000000|  0%| F|  |TAMS 0x0000000706f00000, 0x0000000706f00000| Untracked 
|  26|0x0000000707000000, 0x0000000707000000, 0x0000000707100000|  0%| F|  |TAMS 0x0000000707000000, 0x0000000707000000| Untracked 
|  27|0x0000000707100000, 0x0000000707100000, 0x0000000707200000|  0%| F|  |TAMS 0x0000000707100000, 0x0000000707100000| Untracked 
|  28|0x0000000707200000, 0x0000000707200000, 0x0000000707300000|  0%| F|  |TAMS 0x0000000707200000, 0x0000000707200000| Untracked 
|  29|0x0000000707300000, 0x0000000707300000, 0x0000000707400000|  0%| F|  |TAMS 0x0000000707300000, 0x0000000707300000| Untracked 
|  30|0x0000000707400000, 0x0000000707400000, 0x0000000707500000|  0%| F|  |TAMS 0x0000000707400000, 0x0000000707400000| Untracked 
|  31|0x0000000707500000, 0x0000000707500000, 0x0000000707600000|  0%| F|  |TAMS 0x0000000707500000, 0x0000000707500000| Untracked 
|  32|0x0000000707600000, 0x0000000707600000, 0x0000000707700000|  0%| F|  |TAMS 0x0000000707600000, 0x0000000707600000| Untracked 
|  33|0x0000000707700000, 0x0000000707700000, 0x0000000707800000|  0%| F|  |TAMS 0x0000000707700000, 0x0000000707700000| Untracked 
|  34|0x0000000707800000, 0x0000000707800000, 0x0000000707900000|  0%| F|  |TAMS 0x0000000707800000, 0x0000000707800000| Untracked 
|  35|0x0000000707900000, 0x0000000707900000, 0x0000000707a00000|  0%| F|  |TAMS 0x0000000707900000, 0x0000000707900000| Untracked 
|  36|0x0000000707a00000, 0x0000000707a00000, 0x0000000707b00000|  0%| F|  |TAMS 0x0000000707a00000, 0x0000000707a00000| Untracked 
|  37|0x0000000707b00000, 0x0000000707b00000, 0x0000000707c00000|  0%| F|  |TAMS 0x0000000707b00000, 0x0000000707b00000| Untracked 
|  38|0x0000000707c00000, 0x0000000707c00000, 0x0000000707d00000|  0%| F|  |TAMS 0x0000000707c00000, 0x0000000707c00000| Untracked 
|  39|0x0000000707d00000, 0x0000000707d00000, 0x0000000707e00000|  0%| F|  |TAMS 0x0000000707d00000, 0x0000000707d00000| Untracked 
|  40|0x0000000707e00000, 0x0000000707e00000, 0x0000000707f00000|  0%| F|  |TAMS 0x0000000707e00000, 0x0000000707e00000| Untracked 
|  41|0x0000000707f00000, 0x0000000707f00000, 0x0000000708000000|  0%| F|  |TAMS 0x0000000707f00000, 0x0000000707f00000| Untracked 
|  42|0x0000000708000000, 0x0000000708000000, 0x0000000708100000|  0%| F|  |TAMS 0x0000000708000000, 0x0000000708000000| Untracked 
|  43|0x0000000708100000, 0x0000000708100000, 0x0000000708200000|  0%| F|  |TAMS 0x0000000708100000, 0x0000000708100000| Untracked 
|  44|0x0000000708200000, 0x0000000708200000, 0x0000000708300000|  0%| F|  |TAMS 0x0000000708200000, 0x0000000708200000| Untracked 
|  45|0x0000000708300000, 0x0000000708300000, 0x0000000708400000|  0%| F|  |TAMS 0x0000000708300000, 0x0000000708300000| Untracked 
|  46|0x0000000708400000, 0x0000000708400000, 0x0000000708500000|  0%| F|  |TAMS 0x0000000708400000, 0x0000000708400000| Untracked 
|  47|0x0000000708500000, 0x0000000708500000, 0x0000000708600000|  0%| F|  |TAMS 0x0000000708500000, 0x0000000708500000| Untracked 
|  48|0x0000000708600000, 0x0000000708600000, 0x0000000708700000|  0%| F|  |TAMS 0x0000000708600000, 0x0000000708600000| Untracked 
|  49|0x0000000708700000, 0x0000000708700000, 0x0000000708800000|  0%| F|  |TAMS 0x0000000708700000, 0x0000000708700000| Untracked 
|  50|0x0000000708800000, 0x0000000708800000, 0x0000000708900000|  0%| F|  |TAMS 0x0000000708800000, 0x0000000708800000| Untracked 
|  51|0x0000000708900000, 0x0000000708900000, 0x0000000708a00000|  0%| F|  |TAMS 0x0000000708900000, 0x0000000708900000| Untracked 
|  52|0x0000000708a00000, 0x0000000708a00000, 0x0000000708b00000|  0%| F|  |TAMS 0x0000000708a00000, 0x0000000708a00000| Untracked 
|  53|0x0000000708b00000, 0x0000000708b00000, 0x0000000708c00000|  0%| F|  |TAMS 0x0000000708b00000, 0x0000000708b00000| Untracked 
|  54|0x0000000708c00000, 0x0000000708c00000, 0x0000000708d00000|  0%| F|  |TAMS 0x0000000708c00000, 0x0000000708c00000| Untracked 
|  55|0x0000000708d00000, 0x0000000708d00000, 0x0000000708e00000|  0%| F|  |TAMS 0x0000000708d00000, 0x0000000708d00000| Untracked 
|  56|0x0000000708e00000, 0x0000000708e00000, 0x0000000708f00000|  0%| F|  |TAMS 0x0000000708e00000, 0x0000000708e00000| Untracked 
|  57|0x0000000708f00000, 0x0000000708f00000, 0x0000000709000000|  0%| F|  |TAMS 0x0000000708f00000, 0x0000000708f00000| Untracked 
|  58|0x0000000709000000, 0x0000000709000000, 0x0000000709100000|  0%| F|  |TAMS 0x0000000709000000, 0x0000000709000000| Untracked 
|  59|0x0000000709100000, 0x0000000709100000, 0x0000000709200000|  0%| F|  |TAMS 0x0000000709100000, 0x0000000709100000| Untracked 
|  60|0x0000000709200000, 0x0000000709200000, 0x0000000709300000|  0%| F|  |TAMS 0x0000000709200000, 0x0000000709200000| Untracked 
|  61|0x0000000709300000, 0x0000000709300000, 0x0000000709400000|  0%| F|  |TAMS 0x0000000709300000, 0x0000000709300000| Untracked 
|  62|0x0000000709400000, 0x0000000709400000, 0x0000000709500000|  0%| F|  |TAMS 0x0000000709400000, 0x0000000709400000| Untracked 
|  63|0x0000000709500000, 0x0000000709500000, 0x0000000709600000|  0%| F|  |TAMS 0x0000000709500000, 0x0000000709500000| Untracked 
|  64|0x0000000709600000, 0x0000000709600000, 0x0000000709700000|  0%| F|  |TAMS 0x0000000709600000, 0x0000000709600000| Untracked 
|  65|0x0000000709700000, 0x0000000709700000, 0x0000000709800000|  0%| F|  |TAMS 0x0000000709700000, 0x0000000709700000| Untracked 
|  66|0x0000000709800000, 0x0000000709800000, 0x0000000709900000|  0%| F|  |TAMS 0x0000000709800000, 0x0000000709800000| Untracked 
|  67|0x0000000709900000, 0x0000000709900000, 0x0000000709a00000|  0%| F|  |TAMS 0x0000000709900000, 0x0000000709900000| Untracked 
|  68|0x0000000709a00000, 0x0000000709a00000, 0x0000000709b00000|  0%| F|  |TAMS 0x0000000709a00000, 0x0000000709a00000| Untracked 
|  69|0x0000000709b00000, 0x0000000709b00000, 0x0000000709c00000|  0%| F|  |TAMS 0x0000000709b00000, 0x0000000709b00000| Untracked 
|  70|0x0000000709c00000, 0x0000000709c00000, 0x0000000709d00000|  0%| F|  |TAMS 0x0000000709c00000, 0x0000000709c00000| Untracked 
|  71|0x0000000709d00000, 0x0000000709d00000, 0x0000000709e00000|  0%| F|  |TAMS 0x0000000709d00000, 0x0000000709d00000| Untracked 
|  72|0x0000000709e00000, 0x0000000709e00000, 0x0000000709f00000|  0%| F|  |TAMS 0x0000000709e00000, 0x0000000709e00000| Untracked 
|  73|0x0000000709f00000, 0x0000000709f00000, 0x000000070a000000|  0%| F|  |TAMS 0x0000000709f00000, 0x0000000709f00000| Untracked 
|  74|0x000000070a000000, 0x000000070a000000, 0x000000070a100000|  0%| F|  |TAMS 0x000000070a000000, 0x000000070a000000| Untracked 
|  75|0x000000070a100000, 0x000000070a100000, 0x000000070a200000|  0%| F|  |TAMS 0x000000070a100000, 0x000000070a100000| Untracked 
|  76|0x000000070a200000, 0x000000070a200000, 0x000000070a300000|  0%| F|  |TAMS 0x000000070a200000, 0x000000070a200000| Untracked 
|  77|0x000000070a300000, 0x000000070a300000, 0x000000070a400000|  0%| F|  |TAMS 0x000000070a300000, 0x000000070a300000| Untracked 
|  78|0x000000070a400000, 0x000000070a400000, 0x000000070a500000|  0%| F|  |TAMS 0x000000070a400000, 0x000000070a400000| Untracked 
|  79|0x000000070a500000, 0x000000070a500000, 0x000000070a600000|  0%| F|  |TAMS 0x000000070a500000, 0x000000070a500000| Untracked 
|  80|0x000000070a600000, 0x000000070a600000, 0x000000070a700000|  0%| F|  |TAMS 0x000000070a600000, 0x000000070a600000| Untracked 
|  81|0x000000070a700000, 0x000000070a700000, 0x000000070a800000|  0%| F|  |TAMS 0x000000070a700000, 0x000000070a700000| Untracked 
|  82|0x000000070a800000, 0x000000070a800000, 0x000000070a900000|  0%| F|  |TAMS 0x000000070a800000, 0x000000070a800000| Untracked 
|  83|0x000000070a900000, 0x000000070a900000, 0x000000070aa00000|  0%| F|  |TAMS 0x000000070a900000, 0x000000070a900000| Untracked 
|  84|0x000000070aa00000, 0x000000070aa00000, 0x000000070ab00000|  0%| F|  |TAMS 0x000000070aa00000, 0x000000070aa00000| Untracked 
|  85|0x000000070ab00000, 0x000000070ab00000, 0x000000070ac00000|  0%| F|  |TAMS 0x000000070ab00000, 0x000000070ab00000| Untracked 
|  86|0x000000070ac00000, 0x000000070ac00000, 0x000000070ad00000|  0%| F|  |TAMS 0x000000070ac00000, 0x000000070ac00000| Untracked 
|  87|0x000000070ad00000, 0x000000070ad00000, 0x000000070ae00000|  0%| F|  |TAMS 0x000000070ad00000, 0x000000070ad00000| Untracked 
|  88|0x000000070ae00000, 0x000000070ae00000, 0x000000070af00000|  0%| F|  |TAMS 0x000000070ae00000, 0x000000070ae00000| Untracked 
|  89|0x000000070af00000, 0x000000070af00000, 0x000000070b000000|  0%| F|  |TAMS 0x000000070af00000, 0x000000070af00000| Untracked 
|  90|0x000000070b000000, 0x000000070b000000, 0x000000070b100000|  0%| F|  |TAMS 0x000000070b000000, 0x000000070b000000| Untracked 
|  91|0x000000070b100000, 0x000000070b100000, 0x000000070b200000|  0%| F|  |TAMS 0x000000070b100000, 0x000000070b100000| Untracked 
|  92|0x000000070b200000, 0x000000070b200000, 0x000000070b300000|  0%| F|  |TAMS 0x000000070b200000, 0x000000070b200000| Untracked 
|  93|0x000000070b300000, 0x000000070b300000, 0x000000070b400000|  0%| F|  |TAMS 0x000000070b300000, 0x000000070b300000| Untracked 
|  94|0x000000070b400000, 0x000000070b400000, 0x000000070b500000|  0%| F|  |TAMS 0x000000070b400000, 0x000000070b400000| Untracked 
|  95|0x000000070b500000, 0x000000070b500000, 0x000000070b600000|  0%| F|  |TAMS 0x000000070b500000, 0x000000070b500000| Untracked 
|  96|0x000000070b600000, 0x000000070b600000, 0x000000070b700000|  0%| F|  |TAMS 0x000000070b600000, 0x000000070b600000| Untracked 
|  97|0x000000070b700000, 0x000000070b700000, 0x000000070b800000|  0%| F|  |TAMS 0x000000070b700000, 0x000000070b700000| Untracked 
|  98|0x000000070b800000, 0x000000070b800000, 0x000000070b900000|  0%| F|  |TAMS 0x000000070b800000, 0x000000070b800000| Untracked 
|  99|0x000000070b900000, 0x000000070b900000, 0x000000070ba00000|  0%| F|  |TAMS 0x000000070b900000, 0x000000070b900000| Untracked 
| 100|0x000000070ba00000, 0x000000070ba00000, 0x000000070bb00000|  0%| F|  |TAMS 0x000000070ba00000, 0x000000070ba00000| Untracked 
| 101|0x000000070bb00000, 0x000000070bb00000, 0x000000070bc00000|  0%| F|  |TAMS 0x000000070bb00000, 0x000000070bb00000| Untracked 
| 102|0x000000070bc00000, 0x000000070bc00000, 0x000000070bd00000|  0%| F|  |TAMS 0x000000070bc00000, 0x000000070bc00000| Untracked 
| 103|0x000000070bd00000, 0x000000070bd00000, 0x000000070be00000|  0%| F|  |TAMS 0x000000070bd00000, 0x000000070bd00000| Untracked 
| 104|0x000000070be00000, 0x000000070be00000, 0x000000070bf00000|  0%| F|  |TAMS 0x000000070be00000, 0x000000070be00000| Untracked 
| 105|0x000000070bf00000, 0x000000070bf00000, 0x000000070c000000|  0%| F|  |TAMS 0x000000070bf00000, 0x000000070bf00000| Untracked 
| 106|0x000000070c000000, 0x000000070c000000, 0x000000070c100000|  0%| F|  |TAMS 0x000000070c000000, 0x000000070c000000| Untracked 
| 107|0x000000070c100000, 0x000000070c100000, 0x000000070c200000|  0%| F|  |TAMS 0x000000070c100000, 0x000000070c100000| Untracked 
| 108|0x000000070c200000, 0x000000070c200000, 0x000000070c300000|  0%| F|  |TAMS 0x000000070c200000, 0x000000070c200000| Untracked 
| 109|0x000000070c300000, 0x000000070c300000, 0x000000070c400000|  0%| F|  |TAMS 0x000000070c300000, 0x000000070c300000| Untracked 
| 110|0x000000070c400000, 0x000000070c400000, 0x000000070c500000|  0%| F|  |TAMS 0x000000070c400000, 0x000000070c400000| Untracked 
| 111|0x000000070c500000, 0x000000070c500000, 0x000000070c600000|  0%| F|  |TAMS 0x000000070c500000, 0x000000070c500000| Untracked 
| 112|0x000000070c600000, 0x000000070c600000, 0x000000070c700000|  0%| F|  |TAMS 0x000000070c600000, 0x000000070c600000| Untracked 
| 113|0x000000070c700000, 0x000000070c700000, 0x000000070c800000|  0%| F|  |TAMS 0x000000070c700000, 0x000000070c700000| Untracked 
| 114|0x000000070c800000, 0x000000070c800000, 0x000000070c900000|  0%| F|  |TAMS 0x000000070c800000, 0x000000070c800000| Untracked 
| 115|0x000000070c900000, 0x000000070c900000, 0x000000070ca00000|  0%| F|  |TAMS 0x000000070c900000, 0x000000070c900000| Untracked 
| 116|0x000000070ca00000, 0x000000070ca00000, 0x000000070cb00000|  0%| F|  |TAMS 0x000000070ca00000, 0x000000070ca00000| Untracked 
| 117|0x000000070cb00000, 0x000000070cb00000, 0x000000070cc00000|  0%| F|  |TAMS 0x000000070cb00000, 0x000000070cb00000| Untracked 
| 118|0x000000070cc00000, 0x000000070cc00000, 0x000000070cd00000|  0%| F|  |TAMS 0x000000070cc00000, 0x000000070cc00000| Untracked 
| 119|0x000000070cd00000, 0x000000070cd00000, 0x000000070ce00000|  0%| F|  |TAMS 0x000000070cd00000, 0x000000070cd00000| Untracked 
| 120|0x000000070ce00000, 0x000000070ce00000, 0x000000070cf00000|  0%| F|  |TAMS 0x000000070ce00000, 0x000000070ce00000| Untracked 
| 121|0x000000070cf00000, 0x000000070cf00000, 0x000000070d000000|  0%| F|  |TAMS 0x000000070cf00000, 0x000000070cf00000| Untracked 
| 122|0x000000070d000000, 0x000000070d000000, 0x000000070d100000|  0%| F|  |TAMS 0x000000070d000000, 0x000000070d000000| Untracked 
| 123|0x000000070d100000, 0x000000070d100000, 0x000000070d200000|  0%| F|  |TAMS 0x000000070d100000, 0x000000070d100000| Untracked 
| 124|0x000000070d200000, 0x000000070d200000, 0x000000070d300000|  0%| F|  |TAMS 0x000000070d200000, 0x000000070d200000| Untracked 
| 125|0x000000070d300000, 0x000000070d300000, 0x000000070d400000|  0%| F|  |TAMS 0x000000070d300000, 0x000000070d300000| Untracked 
| 126|0x000000070d400000, 0x000000070d400000, 0x000000070d500000|  0%| F|  |TAMS 0x000000070d400000, 0x000000070d400000| Untracked 
| 127|0x000000070d500000, 0x000000070d500000, 0x000000070d600000|  0%| F|  |TAMS 0x000000070d500000, 0x000000070d500000| Untracked 
| 128|0x000000070d600000, 0x000000070d600000, 0x000000070d700000|  0%| F|  |TAMS 0x000000070d600000, 0x000000070d600000| Untracked 
| 129|0x000000070d700000, 0x000000070d700000, 0x000000070d800000|  0%| F|  |TAMS 0x000000070d700000, 0x000000070d700000| Untracked 
| 130|0x000000070d800000, 0x000000070d800000, 0x000000070d900000|  0%| F|  |TAMS 0x000000070d800000, 0x000000070d800000| Untracked 
| 131|0x000000070d900000, 0x000000070d900000, 0x000000070da00000|  0%| F|  |TAMS 0x000000070d900000, 0x000000070d900000| Untracked 
| 132|0x000000070da00000, 0x000000070da00000, 0x000000070db00000|  0%| F|  |TAMS 0x000000070da00000, 0x000000070da00000| Untracked 
| 133|0x000000070db00000, 0x000000070db00000, 0x000000070dc00000|  0%| F|  |TAMS 0x000000070db00000, 0x000000070db00000| Untracked 
| 134|0x000000070dc00000, 0x000000070dc00000, 0x000000070dd00000|  0%| F|  |TAMS 0x000000070dc00000, 0x000000070dc00000| Untracked 
| 135|0x000000070dd00000, 0x000000070dd00000, 0x000000070de00000|  0%| F|  |TAMS 0x000000070dd00000, 0x000000070dd00000| Untracked 
| 136|0x000000070de00000, 0x000000070de00000, 0x000000070df00000|  0%| F|  |TAMS 0x000000070de00000, 0x000000070de00000| Untracked 
| 137|0x000000070df00000, 0x000000070df00000, 0x000000070e000000|  0%| F|  |TAMS 0x000000070df00000, 0x000000070df00000| Untracked 
| 138|0x000000070e000000, 0x000000070e000000, 0x000000070e100000|  0%| F|  |TAMS 0x000000070e000000, 0x000000070e000000| Untracked 
| 139|0x000000070e100000, 0x000000070e100000, 0x000000070e200000|  0%| F|  |TAMS 0x000000070e100000, 0x000000070e100000| Untracked 
| 140|0x000000070e200000, 0x000000070e200000, 0x000000070e300000|  0%| F|  |TAMS 0x000000070e200000, 0x000000070e200000| Untracked 
| 141|0x000000070e300000, 0x000000070e300000, 0x000000070e400000|  0%| F|  |TAMS 0x000000070e300000, 0x000000070e300000| Untracked 
| 142|0x000000070e400000, 0x000000070e400000, 0x000000070e500000|  0%| F|  |TAMS 0x000000070e400000, 0x000000070e400000| Untracked 
| 143|0x000000070e500000, 0x000000070e500000, 0x000000070e600000|  0%| F|  |TAMS 0x000000070e500000, 0x000000070e500000| Untracked 
| 144|0x000000070e600000, 0x000000070e600000, 0x000000070e700000|  0%| F|  |TAMS 0x000000070e600000, 0x000000070e600000| Untracked 
| 145|0x000000070e700000, 0x000000070e700000, 0x000000070e800000|  0%| F|  |TAMS 0x000000070e700000, 0x000000070e700000| Untracked 
| 146|0x000000070e800000, 0x000000070e800000, 0x000000070e900000|  0%| F|  |TAMS 0x000000070e800000, 0x000000070e800000| Untracked 
| 147|0x000000070e900000, 0x000000070e900000, 0x000000070ea00000|  0%| F|  |TAMS 0x000000070e900000, 0x000000070e900000| Untracked 
| 148|0x000000070ea00000, 0x000000070ea00000, 0x000000070eb00000|  0%| F|  |TAMS 0x000000070ea00000, 0x000000070ea00000| Untracked 
| 149|0x000000070eb00000, 0x000000070eb00000, 0x000000070ec00000|  0%| F|  |TAMS 0x000000070eb00000, 0x000000070eb00000| Untracked 
| 150|0x000000070ec00000, 0x000000070ec00000, 0x000000070ed00000|  0%| F|  |TAMS 0x000000070ec00000, 0x000000070ec00000| Untracked 
| 151|0x000000070ed00000, 0x000000070ed00000, 0x000000070ee00000|  0%| F|  |TAMS 0x000000070ed00000, 0x000000070ed00000| Untracked 
| 152|0x000000070ee00000, 0x000000070ee00000, 0x000000070ef00000|  0%| F|  |TAMS 0x000000070ee00000, 0x000000070ee00000| Untracked 
| 153|0x000000070ef00000, 0x000000070ef00000, 0x000000070f000000|  0%| F|  |TAMS 0x000000070ef00000, 0x000000070ef00000| Untracked 
| 154|0x000000070f000000, 0x000000070f000000, 0x000000070f100000|  0%| F|  |TAMS 0x000000070f000000, 0x000000070f000000| Untracked 
| 155|0x000000070f100000, 0x000000070f100000, 0x000000070f200000|  0%| F|  |TAMS 0x000000070f100000, 0x000000070f100000| Untracked 
| 156|0x000000070f200000, 0x000000070f200000, 0x000000070f300000|  0%| F|  |TAMS 0x000000070f200000, 0x000000070f200000| Untracked 
| 157|0x000000070f300000, 0x000000070f300000, 0x000000070f400000|  0%| F|  |TAMS 0x000000070f300000, 0x000000070f300000| Untracked 
| 158|0x000000070f400000, 0x000000070f400000, 0x000000070f500000|  0%| F|  |TAMS 0x000000070f400000, 0x000000070f400000| Untracked 
| 159|0x000000070f500000, 0x000000070f500000, 0x000000070f600000|  0%| F|  |TAMS 0x000000070f500000, 0x000000070f500000| Untracked 
| 160|0x000000070f600000, 0x000000070f600000, 0x000000070f700000|  0%| F|  |TAMS 0x000000070f600000, 0x000000070f600000| Untracked 
| 161|0x000000070f700000, 0x000000070f700000, 0x000000070f800000|  0%| F|  |TAMS 0x000000070f700000, 0x000000070f700000| Untracked 
| 162|0x000000070f800000, 0x000000070f800000, 0x000000070f900000|  0%| F|  |TAMS 0x000000070f800000, 0x000000070f800000| Untracked 
| 163|0x000000070f900000, 0x000000070f900000, 0x000000070fa00000|  0%| F|  |TAMS 0x000000070f900000, 0x000000070f900000| Untracked 
| 164|0x000000070fa00000, 0x000000070fa00000, 0x000000070fb00000|  0%| F|  |TAMS 0x000000070fa00000, 0x000000070fa00000| Untracked 
| 165|0x000000070fb00000, 0x000000070fb00000, 0x000000070fc00000|  0%| F|  |TAMS 0x000000070fb00000, 0x000000070fb00000| Untracked 
| 166|0x000000070fc00000, 0x000000070fc00000, 0x000000070fd00000|  0%| F|  |TAMS 0x000000070fc00000, 0x000000070fc00000| Untracked 
| 167|0x000000070fd00000, 0x000000070fd00000, 0x000000070fe00000|  0%| F|  |TAMS 0x000000070fd00000, 0x000000070fd00000| Untracked 
| 168|0x000000070fe00000, 0x000000070fe00000, 0x000000070ff00000|  0%| F|  |TAMS 0x000000070fe00000, 0x000000070fe00000| Untracked 
| 169|0x000000070ff00000, 0x000000070ff00000, 0x0000000710000000|  0%| F|  |TAMS 0x000000070ff00000, 0x000000070ff00000| Untracked 
| 170|0x0000000710000000, 0x0000000710000000, 0x0000000710100000|  0%| F|  |TAMS 0x0000000710000000, 0x0000000710000000| Untracked 
| 171|0x0000000710100000, 0x0000000710100000, 0x0000000710200000|  0%| F|  |TAMS 0x0000000710100000, 0x0000000710100000| Untracked 
| 172|0x0000000710200000, 0x0000000710200000, 0x0000000710300000|  0%| F|  |TAMS 0x0000000710200000, 0x0000000710200000| Untracked 
| 173|0x0000000710300000, 0x0000000710300000, 0x0000000710400000|  0%| F|  |TAMS 0x0000000710300000, 0x0000000710300000| Untracked 
| 174|0x0000000710400000, 0x0000000710400000, 0x0000000710500000|  0%| F|  |TAMS 0x0000000710400000, 0x0000000710400000| Untracked 
| 175|0x0000000710500000, 0x0000000710500000, 0x0000000710600000|  0%| F|  |TAMS 0x0000000710500000, 0x0000000710500000| Untracked 
| 176|0x0000000710600000, 0x0000000710600000, 0x0000000710700000|  0%| F|  |TAMS 0x0000000710600000, 0x0000000710600000| Untracked 
| 177|0x0000000710700000, 0x0000000710700000, 0x0000000710800000|  0%| F|  |TAMS 0x0000000710700000, 0x0000000710700000| Untracked 
| 178|0x0000000710800000, 0x0000000710800000, 0x0000000710900000|  0%| F|  |TAMS 0x0000000710800000, 0x0000000710800000| Untracked 
| 179|0x0000000710900000, 0x0000000710900000, 0x0000000710a00000|  0%| F|  |TAMS 0x0000000710900000, 0x0000000710900000| Untracked 
| 180|0x0000000710a00000, 0x0000000710a00000, 0x0000000710b00000|  0%| F|  |TAMS 0x0000000710a00000, 0x0000000710a00000| Untracked 
| 181|0x0000000710b00000, 0x0000000710b00000, 0x0000000710c00000|  0%| F|  |TAMS 0x0000000710b00000, 0x0000000710b00000| Untracked 
| 182|0x0000000710c00000, 0x0000000710c00000, 0x0000000710d00000|  0%| F|  |TAMS 0x0000000710c00000, 0x0000000710c00000| Untracked 
| 183|0x0000000710d00000, 0x0000000710d00000, 0x0000000710e00000|  0%| F|  |TAMS 0x0000000710d00000, 0x0000000710d00000| Untracked 
| 184|0x0000000710e00000, 0x0000000710e00000, 0x0000000710f00000|  0%| F|  |TAMS 0x0000000710e00000, 0x0000000710e00000| Untracked 
| 185|0x0000000710f00000, 0x0000000710f00000, 0x0000000711000000|  0%| F|  |TAMS 0x0000000710f00000, 0x0000000710f00000| Untracked 
| 186|0x0000000711000000, 0x0000000711000000, 0x0000000711100000|  0%| F|  |TAMS 0x0000000711000000, 0x0000000711000000| Untracked 
| 187|0x0000000711100000, 0x0000000711100000, 0x0000000711200000|  0%| F|  |TAMS 0x0000000711100000, 0x0000000711100000| Untracked 
| 188|0x0000000711200000, 0x0000000711200000, 0x0000000711300000|  0%| F|  |TAMS 0x0000000711200000, 0x0000000711200000| Untracked 
| 189|0x0000000711300000, 0x0000000711300000, 0x0000000711400000|  0%| F|  |TAMS 0x0000000711300000, 0x0000000711300000| Untracked 
| 190|0x0000000711400000, 0x0000000711400000, 0x0000000711500000|  0%| F|  |TAMS 0x0000000711400000, 0x0000000711400000| Untracked 
| 191|0x0000000711500000, 0x0000000711500000, 0x0000000711600000|  0%| F|  |TAMS 0x0000000711500000, 0x0000000711500000| Untracked 
| 192|0x0000000711600000, 0x0000000711600000, 0x0000000711700000|  0%| F|  |TAMS 0x0000000711600000, 0x0000000711600000| Untracked 
| 193|0x0000000711700000, 0x0000000711700000, 0x0000000711800000|  0%| F|  |TAMS 0x0000000711700000, 0x0000000711700000| Untracked 
| 194|0x0000000711800000, 0x0000000711800000, 0x0000000711900000|  0%| F|  |TAMS 0x0000000711800000, 0x0000000711800000| Untracked 
| 195|0x0000000711900000, 0x0000000711900000, 0x0000000711a00000|  0%| F|  |TAMS 0x0000000711900000, 0x0000000711900000| Untracked 
| 196|0x0000000711a00000, 0x0000000711a00000, 0x0000000711b00000|  0%| F|  |TAMS 0x0000000711a00000, 0x0000000711a00000| Untracked 
| 197|0x0000000711b00000, 0x0000000711b00000, 0x0000000711c00000|  0%| F|  |TAMS 0x0000000711b00000, 0x0000000711b00000| Untracked 
| 198|0x0000000711c00000, 0x0000000711c00000, 0x0000000711d00000|  0%| F|  |TAMS 0x0000000711c00000, 0x0000000711c00000| Untracked 
| 199|0x0000000711d00000, 0x0000000711d00000, 0x0000000711e00000|  0%| F|  |TAMS 0x0000000711d00000, 0x0000000711d00000| Untracked 
| 200|0x0000000711e00000, 0x0000000711e00000, 0x0000000711f00000|  0%| F|  |TAMS 0x0000000711e00000, 0x0000000711e00000| Untracked 
| 201|0x0000000711f00000, 0x0000000711f00000, 0x0000000712000000|  0%| F|  |TAMS 0x0000000711f00000, 0x0000000711f00000| Untracked 
| 202|0x0000000712000000, 0x0000000712000000, 0x0000000712100000|  0%| F|  |TAMS 0x0000000712000000, 0x0000000712000000| Untracked 
| 203|0x0000000712100000, 0x0000000712100000, 0x0000000712200000|  0%| F|  |TAMS 0x0000000712100000, 0x0000000712100000| Untracked 
| 204|0x0000000712200000, 0x0000000712200000, 0x0000000712300000|  0%| F|  |TAMS 0x0000000712200000, 0x0000000712200000| Untracked 
| 205|0x0000000712300000, 0x0000000712300000, 0x0000000712400000|  0%| F|  |TAMS 0x0000000712300000, 0x0000000712300000| Untracked 
| 206|0x0000000712400000, 0x0000000712400000, 0x0000000712500000|  0%| F|  |TAMS 0x0000000712400000, 0x0000000712400000| Untracked 
| 207|0x0000000712500000, 0x0000000712500000, 0x0000000712600000|  0%| F|  |TAMS 0x0000000712500000, 0x0000000712500000| Untracked 
| 208|0x0000000712600000, 0x0000000712600000, 0x0000000712700000|  0%| F|  |TAMS 0x0000000712600000, 0x0000000712600000| Untracked 
| 209|0x0000000712700000, 0x0000000712700000, 0x0000000712800000|  0%| F|  |TAMS 0x0000000712700000, 0x0000000712700000| Untracked 
| 210|0x0000000712800000, 0x0000000712800000, 0x0000000712900000|  0%| F|  |TAMS 0x0000000712800000, 0x0000000712800000| Untracked 
| 211|0x0000000712900000, 0x0000000712900000, 0x0000000712a00000|  0%| F|  |TAMS 0x0000000712900000, 0x0000000712900000| Untracked 
| 212|0x0000000712a00000, 0x0000000712a00000, 0x0000000712b00000|  0%| F|  |TAMS 0x0000000712a00000, 0x0000000712a00000| Untracked 
| 213|0x0000000712b00000, 0x0000000712b00000, 0x0000000712c00000|  0%| F|  |TAMS 0x0000000712b00000, 0x0000000712b00000| Untracked 
| 214|0x0000000712c00000, 0x0000000712c00000, 0x0000000712d00000|  0%| F|  |TAMS 0x0000000712c00000, 0x0000000712c00000| Untracked 
| 215|0x0000000712d00000, 0x0000000712d00000, 0x0000000712e00000|  0%| F|  |TAMS 0x0000000712d00000, 0x0000000712d00000| Untracked 
| 216|0x0000000712e00000, 0x0000000712e00000, 0x0000000712f00000|  0%| F|  |TAMS 0x0000000712e00000, 0x0000000712e00000| Untracked 
| 217|0x0000000712f00000, 0x0000000712f00000, 0x0000000713000000|  0%| F|  |TAMS 0x0000000712f00000, 0x0000000712f00000| Untracked 
| 218|0x0000000713000000, 0x0000000713000000, 0x0000000713100000|  0%| F|  |TAMS 0x0000000713000000, 0x0000000713000000| Untracked 
| 219|0x0000000713100000, 0x0000000713100000, 0x0000000713200000|  0%| F|  |TAMS 0x0000000713100000, 0x0000000713100000| Untracked 
| 220|0x0000000713200000, 0x0000000713200000, 0x0000000713300000|  0%| F|  |TAMS 0x0000000713200000, 0x0000000713200000| Untracked 
| 221|0x0000000713300000, 0x0000000713300000, 0x0000000713400000|  0%| F|  |TAMS 0x0000000713300000, 0x0000000713300000| Untracked 
| 222|0x0000000713400000, 0x0000000713400000, 0x0000000713500000|  0%| F|  |TAMS 0x0000000713400000, 0x0000000713400000| Untracked 
| 223|0x0000000713500000, 0x0000000713500000, 0x0000000713600000|  0%| F|  |TAMS 0x0000000713500000, 0x0000000713500000| Untracked 
| 224|0x0000000713600000, 0x0000000713600000, 0x0000000713700000|  0%| F|  |TAMS 0x0000000713600000, 0x0000000713600000| Untracked 
| 225|0x0000000713700000, 0x0000000713700000, 0x0000000713800000|  0%| F|  |TAMS 0x0000000713700000, 0x0000000713700000| Untracked 
| 226|0x0000000713800000, 0x0000000713800000, 0x0000000713900000|  0%| F|  |TAMS 0x0000000713800000, 0x0000000713800000| Untracked 
| 227|0x0000000713900000, 0x0000000713900000, 0x0000000713a00000|  0%| F|  |TAMS 0x0000000713900000, 0x0000000713900000| Untracked 
| 228|0x0000000713a00000, 0x0000000713a00000, 0x0000000713b00000|  0%| F|  |TAMS 0x0000000713a00000, 0x0000000713a00000| Untracked 
| 229|0x0000000713b00000, 0x0000000713b00000, 0x0000000713c00000|  0%| F|  |TAMS 0x0000000713b00000, 0x0000000713b00000| Untracked 
| 230|0x0000000713c00000, 0x0000000713d00000, 0x0000000713d00000|100%| E|CS|TAMS 0x0000000713c00000, 0x0000000713c00000| Complete 
| 231|0x0000000713d00000, 0x0000000713e00000, 0x0000000713e00000|100%| E|CS|TAMS 0x0000000713d00000, 0x0000000713d00000| Complete 
| 232|0x0000000713e00000, 0x0000000713f00000, 0x0000000713f00000|100%| E|CS|TAMS 0x0000000713e00000, 0x0000000713e00000| Complete 
| 233|0x0000000713f00000, 0x0000000714000000, 0x0000000714000000|100%| E|CS|TAMS 0x0000000713f00000, 0x0000000713f00000| Complete 
| 234|0x0000000714000000, 0x0000000714100000, 0x0000000714100000|100%| E|CS|TAMS 0x0000000714000000, 0x0000000714000000| Complete 
| 235|0x0000000714100000, 0x0000000714200000, 0x0000000714200000|100%| E|CS|TAMS 0x0000000714100000, 0x0000000714100000| Complete 
| 236|0x0000000714200000, 0x0000000714300000, 0x0000000714300000|100%| E|CS|TAMS 0x0000000714200000, 0x0000000714200000| Complete 
| 237|0x0000000714300000, 0x0000000714400000, 0x0000000714400000|100%| E|CS|TAMS 0x0000000714300000, 0x0000000714300000| Complete 
| 238|0x0000000714400000, 0x0000000714500000, 0x0000000714500000|100%| E|CS|TAMS 0x0000000714400000, 0x0000000714400000| Complete 
| 239|0x0000000714500000, 0x0000000714600000, 0x0000000714600000|100%| E|CS|TAMS 0x0000000714500000, 0x0000000714500000| Complete 
| 240|0x0000000714600000, 0x0000000714700000, 0x0000000714700000|100%| E|CS|TAMS 0x0000000714600000, 0x0000000714600000| Complete 
| 241|0x0000000714700000, 0x0000000714800000, 0x0000000714800000|100%| E|CS|TAMS 0x0000000714700000, 0x0000000714700000| Complete 
| 242|0x0000000714800000, 0x0000000714900000, 0x0000000714900000|100%| E|CS|TAMS 0x0000000714800000, 0x0000000714800000| Complete 
| 243|0x0000000714900000, 0x0000000714a00000, 0x0000000714a00000|100%| E|  |TAMS 0x0000000714900000, 0x0000000714900000| Complete 
| 244|0x0000000714a00000, 0x0000000714b00000, 0x0000000714b00000|100%| E|CS|TAMS 0x0000000714a00000, 0x0000000714a00000| Complete 
| 245|0x0000000714b00000, 0x0000000714c00000, 0x0000000714c00000|100%| E|CS|TAMS 0x0000000714b00000, 0x0000000714b00000| Complete 
| 246|0x0000000714c00000, 0x0000000714d00000, 0x0000000714d00000|100%| E|CS|TAMS 0x0000000714c00000, 0x0000000714c00000| Complete 
| 247|0x0000000714d00000, 0x0000000714e00000, 0x0000000714e00000|100%| E|CS|TAMS 0x0000000714d00000, 0x0000000714d00000| Complete 
| 248|0x0000000714e00000, 0x0000000714f00000, 0x0000000714f00000|100%| E|CS|TAMS 0x0000000714e00000, 0x0000000714e00000| Complete 
| 249|0x0000000714f00000, 0x0000000715000000, 0x0000000715000000|100%| E|CS|TAMS 0x0000000714f00000, 0x0000000714f00000| Complete 
| 250|0x0000000715000000, 0x0000000715100000, 0x0000000715100000|100%| E|CS|TAMS 0x0000000715000000, 0x0000000715000000| Complete 
| 251|0x0000000715100000, 0x0000000715200000, 0x0000000715200000|100%| E|CS|TAMS 0x0000000715100000, 0x0000000715100000| Complete 

Card table byte_map: [0x000002925b900000,0x000002925c0e0000] _byte_map_base: 0x00000292580d5000

Marking Bits (Prev, Next): (CMBitMap*) 0x0000029243d6e608, (CMBitMap*) 0x0000029243d6e640
 Prev Bits: [0x000002925c8c0000, 0x0000029260768000)
 Next Bits: [0x0000029260770000, 0x0000029264618000)

Polling page: 0x0000029243400000

Metaspace:

Usage:
  Non-class:     10.96 MB capacity,    10.74 MB ( 98%) used,   186.05 KB (  2%) free+waste,    29.69 KB ( <1%) overhead. 
      Class:      1.40 MB capacity,     1.25 MB ( 89%) used,   137.55 KB ( 10%) free+waste,    14.81 KB (  1%) overhead. 
       Both:     12.36 MB capacity,    12.00 MB ( 97%) used,   323.59 KB (  3%) free+waste,    44.50 KB ( <1%) overhead. 

Virtual space:
  Non-class space:       12.00 MB reserved,      11.00 MB ( 92%) committed 
      Class space:        1.00 GB reserved,       1.50 MB ( <1%) committed 
             Both:        1.01 GB reserved,      12.50 MB (  1%) committed 

Chunk freelists:
   Non-Class:  5.75 KB
       Class:  640 bytes
        Both:  6.38 KB

CodeHeap 'non-profiled nmethods': size=238912Kb used=1466Kb max_used=1466Kb free=237445Kb
 bounds [0x000002924c6c0000, 0x000002924c930000, 0x000002925b010000]
CodeHeap 'non-nmethods': size=6848Kb used=2236Kb max_used=2236Kb free=4611Kb
 bounds [0x000002924c010000, 0x000002924c280000, 0x000002924c6c0000]
 total_blobs=1483 nmethods=1064 adapters=327
 compilation: enabled
              stopped_count=0, restarted_count=0
 full_count=0

Compilation events (10 events):
Event: 1.968 Thread 0x0000029267a4e000 nmethod 1062 0x000002924c82d310 code [0x000002924c82d4e0, 0x000002924c82d770]
Event: 1.968 Thread 0x0000029267a4e000 1063       1       java.util.jar.JarFile$JarFileEntry::<init> (16 bytes)
Event: 1.968 Thread 0x0000029267a4e000 nmethod 1063 0x000002924c82d890 code [0x000002924c82da40, 0x000002924c82dc50]
Event: 1.968 Thread 0x0000029267a4e000 1065       1       java.lang.Character::toUpperCase (6 bytes)
Event: 1.968 Thread 0x0000029267a4e000 nmethod 1065 0x000002924c82dd10 code [0x000002924c82dee0, 0x000002924c82e040]
Event: 1.968 Thread 0x0000029267a4e000 1066       1       java.lang.Character::toUpperCase (9 bytes)
Event: 1.968 Thread 0x0000029267a4e000 nmethod 1066 0x000002924c82e110 code [0x000002924c82e2e0, 0x000002924c82e420]
Event: 1.968 Thread 0x0000029267a4e000 1064       1       java.util.jar.JarEntry::<init> (6 bytes)
Event: 1.968 Thread 0x0000029267a4e000 nmethod 1064 0x000002924c82e510 code [0x000002924c82e6c0, 0x000002924c82e7f0]
Event: 1.968 Thread 0x0000029267a4e000 1067   !   1       java.util.zip.ZipFile$ZipFileInflaterInputStream::close (67 bytes)

GC Heap History (0 events):
No events

Deoptimization events (0 events):
No events

Classes redefined (0 events):
No events

Internal exceptions (10 events):
Event: 0.617 Thread 0x0000029243d0c000 Exception <a 'java/lang/NoSuchMethodError'{0x000000071414aa00}: java.lang.invoke.DirectMethodHandle$Holder.invokeStatic(Ljava/lang/Object;Ljava/lang/Object;Ljava/lang/Object;Ljava/lang/Object;Ljava/lang/Object;Ljava/lang/Object;Ljava/lang/Object;Ljava/lan
Event: 0.681 Thread 0x0000029243d0c000 Exception <a 'java/lang/NoSuchMethodError'{0x0000000713f4fd28}: java.lang.invoke.DirectMethodHandle$Holder.invokeSpecialIFC(Ljava/lang/Object;Ljava/lang/Object;Ljava/lang/Object;)I> (0x0000000713f4fd28) thrown at [t:/workspace/open/src/hotspot/share/inter
Event: 0.693 Thread 0x0000029243d0c000 Exception <a 'java/lang/NoSuchMethodError'{0x0000000713fb41d0}: java.lang.invoke.DirectMethodHandle$Holder.invokeStatic(Ljava/lang/Object;IIII)Ljava/lang/Object;> (0x0000000713fb41d0) thrown at [t:/workspace/open/src/hotspot/share/interpreter/linkResolver
Event: 0.693 Thread 0x0000029243d0c000 Exception <a 'java/lang/NoSuchMethodError'{0x0000000713fb72e8}: java.lang.invoke.DirectMethodHandle$Holder.invokeStaticInit(Ljava/lang/Object;IIII)Ljava/lang/Object;> (0x0000000713fb72e8) thrown at [t:/workspace/open/src/hotspot/share/interpreter/linkReso
Event: 1.907 Thread 0x0000029243d0c000 Exception <a 'java/lang/NoSuchMethodError'{0x0000000713ff79a0}: java.lang.invoke.DirectMethodHandle$Holder.invokeStatic(Ljava/lang/Object;Ljava/lang/Object;IIII)Ljava/lang/Object;> (0x0000000713ff79a0) thrown at [t:/workspace/open/src/hotspot/share/interp
Event: 1.907 Thread 0x0000029243d0c000 Exception <a 'java/lang/NoSuchMethodError'{0x0000000713fface8}: java.lang.invoke.DirectMethodHandle$Holder.invokeStaticInit(Ljava/lang/Object;Ljava/lang/Object;IIII)Ljava/lang/Object;> (0x0000000713fface8) thrown at [t:/workspace/open/src/hotspot/share/in
Event: 1.915 Thread 0x0000029243d0c000 Exception <a 'java/lang/ClassNotFoundException'{0x0000000713e18c98}: javax/management/remote/rmi/RMIServerImpl_Skel> (0x0000000713e18c98) thrown at [t:/workspace/open/src/hotspot/share/classfile/systemDictionary.cpp, line 231]
Event: 1.941 Thread 0x0000029243d0c000 Exception <a 'java/lang/ClassNotFoundException'{0x0000000713d33328}: jdk/internal/agent/resources/spi/agentProvider> (0x0000000713d33328) thrown at [t:/workspace/open/src/hotspot/share/classfile/systemDictionary.cpp, line 231]
Event: 1.946 Thread 0x0000029243d0c000 Exception <a 'java/lang/NoSuchMethodError'{0x0000000713d88ef0}: java.lang.invoke.DirectMethodHandle$Holder.invokeStatic(Ljava/lang/Object;Ljava/lang/Object;Ljava/lang/Object;Ljava/lang/Object;Ljava/lang/Object;Ljava/lang/Object;Ljava/lang/Object;Ljava/lan
Event: 1.947 Thread 0x0000029243d0c000 Exception <a 'java/lang/NoSuchMethodError'{0x0000000713d95710}: java.lang.invoke.DirectMethodHandle$Holder.invokeStatic(Ljava/lang/Object;Ljava/lang/Object;Ljava/lang/Object;Ljava/lang/Object;Ljava/lang/Object;Ljava/lang/Object;Ljava/lang/Object;Ljava/lan

Events (10 events):
Event: 1.964 loading class org/slf4j/helpers/Util done
Event: 1.966 loading class org/slf4j/impl/StaticLoggerBinder
Event: 1.966 loading class org/slf4j/impl/StaticLoggerBinder done
Event: 1.967 loading class org/slf4j/spi/LoggerFactoryBinder
Event: 1.967 loading class org/slf4j/spi/LoggerFactoryBinder done
Event: 1.967 loading class ch/qos/logback/classic/LoggerContext
Event: 1.967 loading class ch/qos/logback/classic/LoggerContext done
Event: 1.968 loading class ch/qos/logback/core/spi/LifeCycle
Event: 1.968 loading class ch/qos/logback/core/spi/LifeCycle done
Event: 1.968 Executing VM operation: G1CollectForAllocation


Dynamic libraries:
0x00007ff7f4890000 - 0x00007ff7f48d5000 	C:\tools\jdk-11\bin\javaw.exe
0x00007fff52b70000 - 0x00007fff52d66000 	C:\WINDOWS\SYSTEM32\ntdll.dll
0x00007fff22680000 - 0x00007fff22692000 	C:\Program Files\AVG\Antivirus\aswhook.dll
0x00007fff51fa0000 - 0x00007fff5205d000 	C:\WINDOWS\System32\KERNEL32.DLL
0x00007fff50510000 - 0x00007fff507d8000 	C:\WINDOWS\System32\KERNELBASE.dll
0x00007fff51b00000 - 0x00007fff51ca0000 	C:\WINDOWS\System32\USER32.dll
0x00007fff509f0000 - 0x00007fff50a12000 	C:\WINDOWS\System32\win32u.dll
0x00007fff517b0000 - 0x00007fff517da000 	C:\WINDOWS\System32\GDI32.dll
0x00007fff507e0000 - 0x00007fff508e9000 	C:\WINDOWS\System32\gdi32full.dll
0x00007fff50b30000 - 0x00007fff50bcd000 	C:\WINDOWS\System32\msvcp_win.dll
0x00007fff502b0000 - 0x00007fff503b0000 	C:\WINDOWS\System32\ucrtbase.dll
0x00007fff295b0000 - 0x00007fff2984b000 	C:\WINDOWS\WinSxS\amd64_microsoft.windows.common-controls_6595b64144ccf1df_6.0.19041.488_none_ca04af081b815d21\COMCTL32.dll
0x00007fff51ca0000 - 0x00007fff51d3e000 	C:\WINDOWS\System32\msvcrt.dll
0x00007fff515f0000 - 0x00007fff51620000 	C:\WINDOWS\System32\IMM32.DLL
0x00007fff34ac0000 - 0x00007fff34ad6000 	C:\tools\jdk-11\bin\vcruntime140.dll
0x00007ffef57b0000 - 0x00007ffef585a000 	C:\tools\jdk-11\bin\msvcp140.dll
0x00007ffedf9d0000 - 0x00007ffee0511000 	C:\tools\jdk-11\bin\server\jvm.dll
0x00007fff516f0000 - 0x00007fff5179c000 	C:\WINDOWS\System32\ADVAPI32.dll
0x00007fff510c0000 - 0x00007fff5115b000 	C:\WINDOWS\System32\sechost.dll
0x00007fff519d0000 - 0x00007fff51af4000 	C:\WINDOWS\System32\RPCRT4.dll
0x00007fff51da0000 - 0x00007fff51da8000 	C:\WINDOWS\System32\PSAPI.DLL
0x00007fff455b0000 - 0x00007fff455b9000 	C:\WINDOWS\SYSTEM32\WSOCK32.dll
0x00007fff517e0000 - 0x00007fff5184b000 	C:\WINDOWS\System32\WS2_32.dll
0x00007fff2dfa0000 - 0x00007fff2dfc7000 	C:\WINDOWS\SYSTEM32\WINMM.dll
0x00007fff4a590000 - 0x00007fff4a59a000 	C:\WINDOWS\SYSTEM32\VERSION.dll
0x00007fff4e1e0000 - 0x00007fff4e1f2000 	C:\WINDOWS\SYSTEM32\kernel.appcore.dll
0x00007fff2a900000 - 0x00007fff2a911000 	C:\tools\jdk-11\bin\verify.dll
0x00007fff46c20000 - 0x00007fff46e04000 	C:\WINDOWS\SYSTEM32\DBGHELP.DLL
0x00007fff45570000 - 0x00007fff4559c000 	C:\WINDOWS\SYSTEM32\dbgcore.DLL
0x00007fff50a20000 - 0x00007fff50a9f000 	C:\WINDOWS\System32\bcryptPrimitives.dll
0x00007fff24a20000 - 0x00007fff24a48000 	C:\tools\jdk-11\bin\java.dll
0x00007fff28140000 - 0x00007fff28156000 	C:\tools\jdk-11\bin\zip.dll
0x00007fff44be0000 - 0x00007fff44bea000 	C:\tools\jdk-11\bin\jimage.dll
0x00007fff52230000 - 0x00007fff52971000 	C:\WINDOWS\System32\SHELL32.dll
0x00007fff4e3e0000 - 0x00007fff4eb75000 	C:\WINDOWS\SYSTEM32\windows.storage.dll
0x00007fff51160000 - 0x00007fff514b5000 	C:\WINDOWS\System32\combase.dll
0x00007fff4fb80000 - 0x00007fff4fbac000 	C:\WINDOWS\SYSTEM32\Wldp.dll
0x00007fff51e90000 - 0x00007fff51f3e000 	C:\WINDOWS\System32\SHCORE.dll
0x00007fff51060000 - 0x00007fff510b5000 	C:\WINDOWS\System32\shlwapi.dll
0x00007fff501e0000 - 0x00007fff50206000 	C:\WINDOWS\SYSTEM32\profapi.dll
0x00007fff27cb0000 - 0x00007fff27cc9000 	C:\tools\jdk-11\bin\net.dll
0x00007fff4b200000 - 0x00007fff4b300000 	C:\WINDOWS\SYSTEM32\WINHTTP.dll
0x00007fff4f970000 - 0x00007fff4f9da000 	C:\WINDOWS\system32\mswsock.dll
0x00007fff209b0000 - 0x00007fff209c3000 	C:\tools\jdk-11\bin\nio.dll
0x00007fff3f040000 - 0x00007fff3f049000 	C:\tools\jdk-11\bin\management.dll
0x00007fff3eb70000 - 0x00007fff3eb7c000 	C:\tools\jdk-11\bin\management_ext.dll
0x00007fff2fdf0000 - 0x00007fff2fe07000 	C:\WINDOWS\system32\napinsp.dll
0x00007fff2fdd0000 - 0x00007fff2fdeb000 	C:\WINDOWS\system32\pnrpnsp.dll
0x00007fff2fdb0000 - 0x00007fff2fdc5000 	C:\WINDOWS\system32\wshbth.dll
0x00007fff4bd50000 - 0x00007fff4bd6d000 	C:\WINDOWS\system32\NLAapi.dll
0x00007fff4f680000 - 0x00007fff4f6bb000 	C:\WINDOWS\SYSTEM32\IPHLPAPI.DLL
0x00007fff4f6c0000 - 0x00007fff4f78b000 	C:\WINDOWS\SYSTEM32\DNSAPI.dll
0x00007fff517a0000 - 0x00007fff517a8000 	C:\WINDOWS\System32\NSI.dll
0x00007fff2fa70000 - 0x00007fff2fa82000 	C:\WINDOWS\System32\winrnr.dll
0x00007fff46e10000 - 0x00007fff46e1a000 	C:\Windows\System32\rasadhlp.dll
0x00007fff49610000 - 0x00007fff4968f000 	C:\WINDOWS\System32\fwpuclnt.dll
0x00007fff50aa0000 - 0x00007fff50ac7000 	C:\WINDOWS\System32\bcrypt.dll
0x00007fff4fbc0000 - 0x00007fff4fbd8000 	C:\WINDOWS\SYSTEM32\CRYPTSP.dll
0x00007fff4f320000 - 0x00007fff4f354000 	C:\WINDOWS\system32\rsaenh.dll
0x00007fff501a0000 - 0x00007fff501ce000 	C:\WINDOWS\SYSTEM32\USERENV.dll
0x00007fff4faf0000 - 0x00007fff4fafc000 	C:\WINDOWS\SYSTEM32\CRYPTBASE.dll
0x00007fff49fa0000 - 0x00007fff49fb7000 	C:\WINDOWS\SYSTEM32\dhcpcsvc6.DLL
0x00007fff49f80000 - 0x00007fff49f9d000 	C:\WINDOWS\SYSTEM32\dhcpcsvc.DLL

dbghelp: loaded successfully - version: 4.0.5 - missing functions: none
symbol engine: initialized successfully - sym options: 0x614 - pdb path: .;C:\tools\jdk-11\bin;C:\WINDOWS\SYSTEM32;C:\Program Files\AVG\Antivirus;C:\WINDOWS\WinSxS\amd64_microsoft.windows.common-controls_6595b64144ccf1df_6.0.19041.488_none_ca04af081b815d21;C:\tools\jdk-11\bin\server

VM Arguments:
jvm_args: -Dcom.sun.management.jmxremote -Dcom.sun.management.jmxremote.port=59329 -Dcom.sun.management.jmxremote.authenticate=false -Dcom.sun.management.jmxremote.ssl=false -Djava.rmi.server.hostname=localhost -Dspring.jmx.enabled=true -Dspring.liveBeansView.mbeanDomain -Dspring.application.admin.enabled=true -Xverify:none -XX:TieredStopAtLevel=1 -Dspring.boot.project.name=spring-petclinic-data-jdbc -Dfile.encoding=UTF-8 
java_command: org.springframework.samples.petclinic.PetClinicApplication --spring.output.ansi.enabled=always
java_class_path (initial): C:\Users\USER\git\spring-petclinic-data-jdbc\target\classes;C:\Users\USER\.gradle\caches\modules-2\files-2.1\com.wavefront\wavefront-spring-boot-starter\2.0.0-RC1\85cafd971bd3d82305bc385ec6caf56d52a9bd88\wavefront-spring-boot-starter-2.0.0-RC1.jar;C:\Users\USER\.gradle\caches\modules-2\files-2.1\org.springframework.boot\spring-boot-starter-validation\2.3.0.RC1\868e08df9aa591233b063b3232507439056558b7\spring-boot-starter-validation-2.3.0.RC1.jar;C:\Users\USER\.gradle\caches\modules-2\files-2.1\org.springframework.boot\spring-boot-starter-cache\2.3.0.RC1\adf6a4cd2b72c507fc64ab9217c6c373ee1996db\spring-boot-starter-cache-2.3.0.RC1.jar;C:\Users\USER\.gradle\caches\modules-2\files-2.1\org.springframework.boot\spring-boot-starter-data-jdbc\2.3.0.RC1\adade4a8007653c5e1f69f616b66ffc14b90a256\spring-boot-starter-data-jdbc-2.3.0.RC1.jar;C:\Users\USER\.gradle\caches\modules-2\files-2.1\org.springframework.boot\spring-boot-starter-web\2.3.0.RC1\c4fba1d3cce203fd8f54bd0eb81e286381dda36d\spring-boot-starter-web-2.3.0.RC1.jar;C:\Users\USER\.gradle\caches\modules-2\files-2.1\org.springframework.boot\spring-boot-starter-thymeleaf\2.3.0.RC1\6480b4d7697ae0b8bbbef3a9cea095bcb75de6cf\spring-boot-starter-thymeleaf-2.3.0.RC1.jar;C:\Users\USER\.gradle\caches\modules-2\files-2.1\org.springframework.boot\spring-boot-devtools\2.3.0.RC1\2af5ca631308e2c2c67f428cba6de34d58866fd5\spring-boot-devtools-2.3.0.RC1.jar;C:\Users\USER\.gradle\caches\modules-2\files-2.1\org.springframework.boot\spring-boot-starter-jdbc\2.3.0.RC1\a57eb93473266760088534a132c1af8dfb4a21a6\spring-boot-starter-jdbc-2.3.0.RC1.jar;C:\Users\USER\.gradle\caches\modules-2\files-2.1\org.springframework.boot\spring-boot-starter-json\2.3.0.RC1\a67b84eb3665d7f8f6cbfeae0e53aa4ecd0e7929\spring-boot-starter-json-2.3.0.RC1.jar;C:\Users\USER\.gradle\caches\modules-2\files-2.1\org.springframework.cloud\spring-cloud-starter-sleuth\2.2.2.RELEASE\66e1eec396ac4a5d2791895ac84a524440f41d2e\spring-cloud-starter-sleuth-2
Launcher Type: SUN_STANDARD

[Global flags]
     bool BytecodeVerificationLocal                = false                                     {product} {command line}
     bool BytecodeVerificationRemote               = false                                     {product} {command line}
     intx CICompilerCount                          = 3                                         {product} {ergonomic}
     uint ConcGCThreads                            = 2                                         {product} {ergonomic}
     uint G1ConcRefinementThreads                  = 6                                         {product} {ergonomic}
   size_t G1HeapRegionSize                         = 1048576                                   {product} {ergonomic}
    uintx GCDrainStackTargetSize                   = 64                                        {product} {ergonomic}
   size_t InitialHeapSize                          = 264241152                                 {product} {ergonomic}
     bool ManagementServer                         = true                                      {product} {command line}
   size_t MarkStackSize                            = 4194304                                   {product} {ergonomic}
   size_t MaxHeapSize                              = 4204789760                                {product} {ergonomic}
   size_t MaxNewSize                               = 2522873856                                {product} {ergonomic}
   size_t MinHeapDeltaBytes                        = 1048576                                   {product} {ergonomic}
    uintx NonNMethodCodeHeapSize                   = 6973028                                {pd product} {ergonomic}
    uintx NonProfiledCodeHeapSize                  = 244685212                              {pd product} {ergonomic}
    uintx ProfiledCodeHeapSize                     = 0                                      {pd product} {ergonomic}
    uintx ReservedCodeCacheSize                    = 251658240                              {pd product} {ergonomic}
     bool SegmentedCodeCache                       = true                                      {product} {ergonomic}
     intx TieredStopAtLevel                        = 1                                         {product} {command line}
     bool UseCompressedClassPointers               = true                                 {lp64_product} {ergonomic}
     bool UseCompressedOops                        = true                                 {lp64_product} {ergonomic}
     bool UseG1GC                                  = true                                      {product} {ergonomic}
     bool UseLargePagesIndividualAllocation        = false                                  {pd product} {ergonomic}

Logging:
Log output configuration:
 #0: stdout all=warning uptime,level,tags
 #1: stderr all=off uptime,level,tags

Environment Variables:
JAVA_HOME=C:\tools\jdk-11
PATH=C:/tools/jdk-11/bin/server;C:/tools/jdk-11/bin;C:\tools\jdk-11\bin;C:\tools\gradle-6.7.1\bin;C:\WINDOWS\system32;C:\WINDOWS;C:\WINDOWS\System32\Wbem;C:\WINDOWS\System32\WindowsPowerShell\v1.0\;C:\WINDOWS\System32\OpenSSH\;C:\Program Files\Amazon\AWSCLI\bin\;C:\tools\bin\;C:\Program Files\Git\cmd;C:\Program Files\Docker\Docker\resources\bin;C:\ProgramData\DockerDesktop\version-bin;C:\Users\USER\AppData\Local\Microsoft\WindowsApps;C:\Program Files\Bandizip\;C:\Users\USER\AppData\Local\Programs\Microsoft VS Code\bin;;C:\ide\sts-bundle\sts-3.9.14.RELEASE;
USERNAME=USER
OS=Windows_NT
PROCESSOR_IDENTIFIER=Intel64 Family 6 Model 158 Stepping 10, GenuineIntel



---------------  S Y S T E M  ---------------

OS: Windows 10 , 64 bit Build 19041 (10.0.19041.546)

CPU:total 6 (initial active 6) (6 cores per cpu, 1 threads per core) family 6 model 158 stepping 10, cmov, cx8, fxsr, mmx, sse, sse2, sse3, ssse3, sse4.1, sse4.2, popcnt, avx, avx2, aes, clmul, erms, 3dnowpref, lzcnt, tsc, tscinvbit, bmi1, bmi2, adx, fma

Memory: 4k page, system-wide physical 16033M (4478M free)
TotalPageFile size 18465M (AvailPageFile size 3623M)
current process WorkingSet (physical memory assigned to process): 74M, peak: 74M
current process commit charge ("private bytes"): 347M, peak: 347M

vm_info: OpenJDK 64-Bit Server VM (11+28) for windows-amd64 JRE (11+28), built on Aug 23 2018 03:04:58 by "mach5one" with MS VC++ 15.5 (VS2017)

END.
